<?xml version="1.0" encoding="UTF-8"?>
<testsuite xmlns:xsi="http://www.w3.org/2001/XMLSchema-instance" xsi:noNamespaceSchemaLocation="https://maven.apache.org/surefire/maven-surefire-plugin/xsd/surefire-test-report-3.0.xsd" version="3.0" name="runner.TestRunner" time="60.041" tests="4" errors="0" skipped="0" failures="0">
  <properties>
[...]
</properties>
  <testcase name="Login #1" classname="AlterLogin" time="11.966">
    <system-out><![CDATA[
@AlterLogin, @Full @LoginExamples
Scenario Outline: Login              # src/test/resources/features/AlterLogin.feature:13
  Given I am on the login page       # stepdefinitions.CommonStepDefinitions.i_am_on_the_login_page()
  When I use "valid" credentials     # stepdefinitions.AlterLoginStepDefinition.i_use_credential(java.lang.String)
  Then the login result is "success" # stepdefinitions.AlterLoginStepDefinition.the_login_result_is(java.lang.String)
]]></system-out>
  </testcase>
  <testcase name="Login #2" classname="AlterLogin" time="11.72">
    <system-out><![CDATA[
@AlterLogin, @Full @LoginExamples
Scenario Outline: Login            # src/test/resources/features/AlterLogin.feature:14
  Given I am on the login page     # stepdefinitions.CommonStepDefinitions.i_am_on_the_login_page()
  When I use "invalid" credentials # stepdefinitions.AlterLoginStepDefinition.i_use_credential(java.lang.String)
  Then the login result is "fail"  # stepdefinitions.AlterLoginStepDefinition.the_login_result_is(java.lang.String)
]]></system-out>
  </testcase>
  <testcase name="Successful Login" classname="Login" time="17.723">
    <system-out><![CDATA[
@Login, @Full @SuccessfulLogin
Scenario: Successful Login              # src/test/resources/features/Login.feature:5
  Given I am on the login page          # stepdefinitions.CommonStepDefinitions.i_am_on_the_login_page()
  When I log in using valid credentials # stepdefinitions.LoginStepDefinition.i_log_in_using_valid_credentials()
  Then the login is successful          # stepdefinitions.LoginStepDefinition.the_login_is_successful()
]]></system-out>
  </testcase>
  <testcase name="Failed Login" classname="Login" time="17.62">
    <system-out><![CDATA[
@Login, @Full @FailedLogin
Scenario: Failed Login                    # src/test/resources/features/Login.feature:11
  Given I am on the login page            # stepdefinitions.CommonStepDefinitions.i_am_on_the_login_page()
  When I log in using invalid credentials # stepdefinitions.LoginStepDefinition.i_log_in_using_invalid_credentials()
  Then an error message is shown          # stepdefinitions.LoginStepDefinition.an_error_message_is_shown()
]]></system-out>
  </testcase>
</testsuite>